XdONVzRnFmqpkQTTnfqMcjgyjhnYtczmr+jXfkMy0LTHygkEXNfuRebHqxSQIQqey7bXTi9UCOwhrvlZYWV+tfkr7CSTlgCcge9uYpxuNt8uZj6YTUV3RhNmswU=
TA0N/N5HIaFvLuR5fL91sI7/dUhww97hMx4Z0rj1XGu28A9iZW3Mc8xl3ZnhTDMB/VXpNHZXrXz+FJ6ExTnljAEPUJ77PpWCiuihRkmXJkurDWmzDA==
Dhb8eb16p7NroRBK9s0FuircHjbWzylklQQfInp6h2IxZwzrtyS5v1NSJybecJb1W1y4l8QfLl4Zi5vcwrj2x/jKp/OGMa8SUprDTR/3l8jWi8na1c4vpJT56dxg1dY7HJIPHKhCZe1OJDD0zhF6FC5Ose//OFdEsyM=
JzcmG3RmdtbAOWM7SkCeFFbcmbtDUR2xvHDpBlVCfxnee85h54gWaBHpr2EzdKzj/5RcsGQUf71nBJN7yj6hysfKSKybljOzBCO5OXOzFg==
DjHdi6GamABSpW7HQRN6YKuVjVqhhHZ3o4u/DGQCX93+tGklMB15jyGCS3HCS8J50+nCUF05Ewmn9DgLQ8SQiDD0S6VrNI+T/n5VYls6xDRvNmdLSHNFEWezAg==
B3j1ADlpbVfyz29Pp4U5bquVjVqhhHZ3o4u/DGQCX93+pWErNhJ43SGCS3HCS8J50+rCUF05Ewmn9DgLQ8SQiDD0S6VrNI+T/n5VYls6xDRvNmdLSHNFEWezAg==
XmV7XJySR0EBENRXt2XlvltE/hlvQivDhjy35yklr6Nmx2cE7TCogphvWVBbxOD/kvWpgE0Jbnd/5WNGEs7raQ/zn9zz34KehWqHMBRtQXgwkZ5vPIYHGLhmTbkOcJhQXpXygI4a+auvHH9Qszc=
ubk4//Drm3FKnxmcbgwJzQNueDdcKzFoSejc70sTPef8tqYTb+GLclJ6A+2fl1co1KuKelUu74SU2Sk84HWWGxxyz3wo4qUNTkRwVE7xOnQubnFPf1gXZLMD
8x5rACNouBpHHuDmY1ovhBbRBRlnufMxZc2srZ+pToeYloHpWmZtffr0ou6JeLRNuQLT4VrrKqmbrQpgNRnrOd/0wDs75Hi4eDSD9QOUFwNm/s3yw9psZCf2rztgk31hX7M6
NlkZp4P0LwV+F3rS9eQ3eii7kRXs8ykJK5qqmCY5bGG2mN47tnlDIqnVmKN4DQE+kOSncUnNZbT6zxmMarxiJJnRUdzVtxxeN0ZBUv7AfSZ1fzJ7XxVlswA=
CYWspDwx+R0gsjMPUVPpfXghhAPBus21teHWflcn2o7HlEZrOrmHX+/QshyvFyf5g/qHHXYwHfArxtQfZWY4u+Ip7CSTlgCcge9uYpxuNt8uZj6YTUV3RhNmswU=
192SwbpHloRaqdSkeKNYUQP23llODtCpt3BbHsgLevrS8pNV/0/nYBNk+qJ1Vv+MlNE5RMCt5tPcOn+kSFo1hc7M4OyuqYq8biaBF1+gB2yzCw==
hNo8DwTKVMmkDYWxZcsXn5eiRRFasmKqS4xOIveJNM+exNBLeUB/+qb/joELAWfnn2gypN+vx0HzQkUiBgj9yFv+1CcVXtiDkhEsnOMu4CTxV+7a7NbWZ17e/qA9fZd+Y16zPQ==
N09eir2k83jYzbPpHruQ3RgmVk4oF0AgF2biZTAllg0PxeoRTdlqZkUK5STSj8aDnM4QoLNTP1li3nLtdeP7Bw95vYb3i6yr5vK5zPCR7GEEAqcpncI3aYbbJrHfzYjZ+QkX8Xt0ZHNH9DQA/NRH7Q+kS4sCvun6Hyrg/OPWq0MsA8Gpu7Pe
7BtunhJOgjYJrSC94XqWgXFf/XuPewNXWWjRJ0CqPYuu+BzalNbWsg5nGQoUkcyhpILHaf3CF6kmW8ZxP8+omZmJd7FbdESzp3TUwNzUJ61vJOvLIr4JOv+qQLzD1ssDjINhaVuzPg==
NsHwc2Kbfr/bPzUk3v5I2x4mfgrFjynDwzvPr404pQ+cSgHjusjowpjW2qr6Vw1iKHEQidDSE5ExglsR8otyGWNvVDEN+cMp1/TIKxOEQGigdPtF23S/c+5+RUKrerSUn7b365izFXFXszI=
B6QUl11jO35go1VgefLxCaar9ZeymPuaETLrmNHY9F7V1QJeJXcMq4DZlh1kPwtGKPGJ39+thsBj4LIsT8dnqSMKB2vX4N2gS/bULwU2+GtCWWzUM8ZATGHfblJ8vnaPjpa+6O2VtxZzVrM1
mGEqBGnjId+eoZLenelT87gBxZ4iaXNXz29lW2kDa6ATYwr6l28MUG5OHlZcJnzPu+6+wYblZkr1PZfi/b0UU8R1Nd+C/buhhWURNA5nVdx2pHZErSntrFlfyB5jbk1igviJhuHnrqsTfVGzNA==
r20nw6uMPW4izBwv2K7Y2gNueDdcKzFgS/7Ou0YaI7X8sO9HIbT5clJ6A+2fl1co2KqLelUu74SU2Sk84HWWGxxyz3wo4qUNTkRwVE7xOnQubnFPf1gXZLMD
bcF+rDIDWlr8SJYocAEE23qhmxu+mWwUN5r5kho5KCTi25tv8x1DIqnVmKN4DQE4leqncUnNZbT6zxmMarxiJJnRUdzVtxxeN0ZBUv7AfSZ1fzJ7XxVlswA=
bSrvG/B58MHQ7Ge/d5MUoEdhgoRyOTaLWhH34t39tNNkNRXZobJbIeUl8TRup7VcFmRWRI3pTSz5n+geg64t4mK46YYBpw4rsz1xsxQ=
nJLs2pDXlVgQ0Vr8KY/h8ydN3agVYUcvz8CyDI9n50njagKImIBdAAvW1A9FlngLArlstPMmwOyh/25yvB72b072vgit9Te2M3azFQ==
Yl2SnltsnT46yvVDhJ0br0VhgpVwLzKLWhH34t39tNNkNRXbobJbIeUl8TRup7VcFmRWRI3pTSz5n+geg64t4mK46YYBpw4rsz1xsxQ=
S7D9xxQmeZgvq/zCnNvreCdN274JfEcvz8CyDI9n50njagSImIBdAAvW1A9FlngLArlstPMmwOyh/25yvB72b072vgit9Te2M3azFQ==
8ACxlPjaNEBhzoMN6jt7MCdN2qgbeUcvz8CyDI9n50njagWImIBdAAvW1A9FlngLArlstPMmwOyh/25yvB72b072vgit9Te2M3azFQ==
xIJI5l6JUTo0PRkjgr2eqiR0isQ+hVcmQXZ3YFf8gKlWAFsCytzcgHDnE7YSvsu5z0P/THJILe7FumcAFF2hqHDhPv+8FmeoeLZtzg6AuAAeJRIQDopZW29MH2CzBw==
dcZIQfZUrWg+wDb5YsfkRtB6FS4cljTNIjUzUbr8QyavqwLrm1gKbRnOq4yO5RNidyRSEe5F2AJSiiOd30f3uFg8ZSoVHg+0lOnJDKAldouc4m+saJKF+k40UKSOoZrkrv4Rn79od1SzMw==
BRgrVu7yQfs1xTQSPDO9Lmh0k9Ui5K+E/boqLCINSE0W+2ZujZyL2s0j9bw7J76z+AJzT1idlMb0iOSf2fy+sa3sZMSWT2D0yWKF7q6jAR1WHZdWMzN1U5Z3VVV8/lewGI69Jo7o6Dj+PSJ4TiKpw880T0izLw==
kBQ2cUR45jwg/8Wu0010T0cz+aMeV6UY1a7NueLjzQs7Dyau5q+ofjYkGXqnGX8PHuuQ5jgHKYXppI18o0JUo53SSBcKjYz4S8JQUEmvLp6kGgYzBgIehFVRZ0obYrM5
80VhUnc2pB7TLxxPnUzRgoxOxz0EiXoD8KQgDXaB+JLfSEQAG5S7heMxiu+ClGwUZ8a5UTAbC+HVReE0fkeFHMbExsQ9ib1sqX/cHnOOfSLSGBkGkUdea0MdYbME
gzrrXJ+zTruhzGzVJ4ABWt/4242Yog+Y1FQMv6lj2N23iAxpRuYQl1yK33QIqlWeztwAnG75Kgzu1uHHH5AnfLMb
qci40QVAg39jKWa+5R+oWXlb8XOKT1BNV1WeN1rjXon9wiD0pcPFog0iXxUC0oahrJbMSpCbR48SdtwIOZ/0x8WJbqAWaQK3pDLa297UJ61vJOvLKb4JOv+qQLzD1ssDjINhaVuzPg==
bzpuNJ7dgBfg6OVkEGFa8bHP34SXyalMari1zolv755jAv+qJNzV76bqW7HgrckhZ+lhceyF7vsOtkgbu+oOTQbZ+usQfiV7J1oIZwAzUVtc/FWr0yQdhNInNn5BbGFiNyvHBR8PEwyQKS7H/G734Fi+nRqO2MgIPu2C6M6ySRMPxK+4s98=
vLOlvPa28ySfJLowtHUhgB5hpJUnE6jvXt87ajVlP4YeKiey9ikh7+/oJFluRv0NpHTbBTv037MFfmWCC/oUVP+2F6v4M7Uxd7MS
MtYZN/6wXqxxM8gvJ8L1tTT2+FW7pmre2fVRTaACL1wk9Ctly7Qv0xV+daI7uqT0TzaHC6jz5dEHs2I=
o/tmyYBX9V8aaZjqayf9UYYgOMJxdxrhIlhu8h+NTGC7inBoGUiuRpQS5kuWql6cJZnH8ssKs2E=
4+lbio3H9d+Xc5vgCoxI2zT2+FW7pmre2fVRTaACL1wk9Ctly7Qv0xR+daI7uqT0TzaHC6jz5dEHs2I=
jf/GjkpHH7NLArKbqefVk4YgOMJxdxrhIlhu8h+NTGC7inBoGUmuRpQS5kuWql6cJZnH8ssKs2E=
jdib2EzlzL13onMAP72QNzfV4vL36NM2V8nVOpp5U2epHx8aHX/Ntemwg0BOVRSlRuRRb28l1JRBTSVcOzqu3ahyWBdPYmB6teI6BHXZVcwx70qe6x7lwnpI0cbZN3aLe21Zszw=
RT8a5QxdFKWdMekXU0hp1PaEJ1eNrSoBhh6IHc/VDwesVF1eWt65kPkuSkoYFZvhkQm2gJ9cU/lIlmdcdNDki7mXkHk3LESdVtL4E/xOt0DY3t07jvgI6L5NQsjO0glzj2RvWLM/
PGw+wVu0a7kBY9esPg+igxd+YCxRRiViWuLBrAkSMvb4qeNdYbXOPF9gK8W4qh9glOycN0kr6MW3kDwhpm6ALxxyz3wo4qUHTkRwVE7xOnQubnFPf1gXZLMD
Wk4/8eyK0kjtQLn9CcIXdyppy9cvmVEZQ08tZlrmybgZBhoS2M3LiTHhBvgfpOOR6H63BDQINKPZv2BBNxS0tTb6KMu8FmeoeLZtww6AuAAeJRIQDopZW29MH2CzBw==
FbxDzKjW6osj3plGmcwyPwNa5PIeq3ADdE8tZlrmybgZBhoS2M3LiTHhBvgfpOOR6H63BDQINKPZv2BBNxS0tTb6KMu8FmeoeLZtww6AuAAeJRIQDopZW29MH2CzBw==
EdCw1k7Fw4GzSw432f9UoHM1mRjFp93noeDaZE02kZyGhEg/f/eJC6qevwaHPwDEy7LEWmB9AfUsh/dWcHt+oPQd7CSTlgCcgeVuYpxuNt8uZj6YTUV3RhNmswU=
ZUcwE0iPXBzVMRI/fYB42mh0k9Ui5K+E/boqLCINSE0W+2ZujZyL2s0j9bw7J76z+AJzT1idlMb0iOSf2fy+sa3sZMSWT2D0yWKF7q6jAR1WHZdWMzN1U5Z3VVV8/lewGI69K47o6Dj+PSJ4TiKpw880T0izLw==
MOGdn/2tDbs4GlkGdbj4/R5hpJQnE6jvXt87ajVlP4YeKiey9ikh7+/oJFluRv0NpHTbBTv037MEfmWCC/oUVP+2F6v4M7Uxd7MS
dIdVQy2HbAV1pKq5J4oikDw1Pew2XyR4egvpChE2Tin1g0ZRQ1019ZvVMAEow6/SCXpLsrdk2B61y9l9aIIdbuyoiqgIty+0+rCnrHqCo1rnN28V6hpPWT9Oha3H0LZoYgwMMyapQCGnc/mCPdaOe0slIGWXR9y0uk95jCo8IiTZUZHcFTfaWvfPAFK+QD0mNf9ye5+VpbPA
Fbh3MDoXXhlGW1HZ7ixzLFlwyUGr3UqnyE8PdudBbGb3II1zsr/xIDFv5G692uvO8OVhVFd06yselvzrPgzhhLiz9VVFQIpIkHjOkqqPvjx5ormFlAKG3dIpJJ3p6ISDskz4J2QsIkb9PAnvNDiZ1tweSQqmiWBzVs+fUxencf6R8vYAECHjyo9TWXJJy1RzPcIIh2r9DKhrcpBAqV0qTg0rRqNmcp7UdeGnWvuSs+k=
IzoXSCNnyz4TESVWFqktMqaHOWfNG9brR0rhrY8XCvgYe6OIUIz+rDqJNQlTxBXZeM3BGtTFrJOLvijybqyvbsPuHEOOlGEMKAtVPbUYSoDAgK66mpe+NGmamW3k2saVAlHENVlwBAsi9FhPlHTijq3EaccEIJnezCZp4tZRIDuGt3/7pz/xdgFKVmjgeSMC36s5WnnTVHst+ihvGiVM4LsKcOgZxarGnZPmy5YqXhwlGcdyy4qz4Q==
Aq0D0+D735HS6udvW0PDRxxNz8ocXHNrZVmAKYSvlVG0JcHv/MW2XoQf6YjePH0PR8mTq94ic2OxNeGmjjVmbUET3lGmHvRz6VVk2aC1qd9OQqAL8t4LmI+nY8J/ZGnC9Vq3jy0NXs8TSMgszZF79q7Z7s8ZYj9W7WqhqF7eswdPpU4uq17aJEyw3tvJ1BzcsfT8zpXqURtJjbwWCdl5QtM14fwA2FRAimswxaZBQR8vmvtauEv9iQa9AYvadDyDb1SMEBSUb11XRMNbPDoRo5YKuAyLFgNT1GPJGeOzhg==
juno+Tj1GdiYLk441RfIFOrfF6/7Rg9jCec69aMu3HilLkKxvMslkhYr0ATZxUoid/xz2bBNQGepfh3TjQksgQRkL3tSwYFyiol1CWmAYutUYkBKQlO2Jda/XD+n8RZjWBDpwC2qT/YtNR/Yqdn+l0PfazCWjU2cOzBkzoZONytT0/ifLTplc/Ix5WmljNhQd/0SY4mCLIc26CH4AEfF2W2EKlRIrN4+Yqs+AIEWyUl8BuYByr10cWGMxH+KOEgrzGgC2qVomcN8nJlqpCq5Rs4NgC/O208/H0OxgikGxow45UPWV4dJ3oHv1E/FdnhLgvlsdHPmwKwhOWqyNV/2r842vkgttTd2szazVQ==
kJu2I4ErdzvzkJrkeWPegLPjTesoO5AJtsMPUucaSfsLrM/7KOvZTDcL4FDmmtLNkW2gvHUyzRv3je2RytwhPp9RTDQALvUGg05MFAxPuFd28J1AIPyNTH/nuX4P3jTTeouaeqLQjvvdbRyLnTzXHLk1Lh2/6xVXGo8JBzmzzZv1bLhj5DIzcNigB8W4VrEA2liXMeECfNHMi2PyhXLvgnMcxJ6pM51NzIqRTqBg7jgML9P0RqgjvN7KbzrrvwvlriLTWaN2wV2jWLoIrkSoI6Kx/GFb6/0SWR7CW8cthFXTv8A0pje9vI40rgQVGXVMEa+mmkvXhEIaiHHGOXeWC1utObNc
PNwuqg9UkI04xuDrTIfw3o0ODIguUJHT2HvjlA8Y11a6sQ5Il524julsHdhUiXHyO6s227lik6p9v7T8l1a3aICDzrsl5L8DZiKpy+UvCYgN1NiPBH0zs0aJIxXjxpF7stUsORKvgUbC4lhA68LirTVgXzCZk5RI11gDasIcQ7v3r3gcrslFHqYMpAYC8s0anPsEg0kC1I47M8A7432U5pDXinadG8hM1J06ngHKxJltU/Ei2pZ8wsYEjn1+UuWoQaPAQLYj3rNMKy06JI0OpiBhEI4y2NFGQTnQChn4ANRxbLILkM0alTelk7URMG1Y7oYkwzOU42nRZO25FJ0hSHAhvj+81udoeHbtDwrAMUEeZZJQDsrZG28MnyCzRw==
rvUoagzjxI5rVCgIk8Okb9go9am2Hn0soAvD7gG5blLAJZWJqQf3MhwroizgPgMahC2rjda2nmhPFofuTyCi3b7l5J6TyC/OxbWNuEG5MlQ6egEB/nH2IXX6x7ubej24tR8gyRzlXlNRuXMPI019/nzhXqde/z7ymqYNaJXoTIATJVe7t+3Abrti/xUcS8f7frvqC/+4FIR50Q+e8mlCF+2C6+5BOt3ACl5n77N14pb/Pq584AACMz0UqHTthJCWIUqF46VdAL5d2S3qb+UNBNR44BjmG2xtEoG19/MqVwLMK6kxqm39Yw70aOsTBCCowHSbhfv0nzNIeqULSvpU1D+2Vyu4M3WxN7NS
TUPGY/iVE4miniGjzGRL0OrfF6/7Rg9jCec69aMu3HilLl6wps1lilo63Q/YyAglM/Z/x7oSQyemfgrTixZxnUdpMXVG3Yttj45vTWnCfeddcQpQGU6jf9r/Un6prRR3Qxfx0SW1RP4uMxrar8m/jBnCfmrYmBHWPDR4nc5TMGUazvmGJiRkQvkB4nKthcJHa8oCeI2CLIc26CH4AEfF2W2EKlRIrN4+Yqs+AIEWyUl8BuYByr10cWGMxH+KOEgrzGgC2qVomcN8nJlqpCq5Rs4NgC/O208/H0OxgikGxow45UPWV4dJ3oHv1E/FdnhLgvlsdHPmwKwhOWqyNV/2r842vkgttTd2szazVQ==
F4bLy280zA9MRZ0N//1IuiKSN0eQi2J2fZ4436i3Gd3/LFJ47Uvx3seLol6allxEtNY0TyhaUCbcmm69uLTlkxjubLGS0YqUe5pO0vo8H9CrQCChpHlOtgu5AeivO9qv9Yi5CZcWC7hB1gKcgrNZXvWY3V6IkP4EZSAHngwsVIXGjxB1yxV6jHPIaOwtkVu2zllOD/liHxaN6gFovt7TR+8lru6LXrpk7DA+G+nUfJwRdBwOteoxW+kNXNYp2VmCM7VBvGDYdIBq65CFxkFh388aWxrYS91J5j2hy7p03EPP1OxQNJSPnffEoxscOvFjNorYTKsW45N046lZw7Om
maVp+rna+rwqcYvM5Kbo3oiwCMNJXiX5cRO0IfYmgnFaQjbbU+8KmmBk0UaeNXYMb92a6lGBeJtfEaC7xquN/8KWy69jS/xwxa7E+ml5c6VRVOFvg4zca2OIGEz9kQvWfpleL4niz/a9qpHITt6j53/lno7b3kpE/HCO+znULDzhtAxuBWrhe5lNzDYZ2Wlio/UxnLBYxOB6K2AllkGxP39aSzooy40p1v0xa8p0LONflNyw5BT/vecEE3tMOiHDRsrIrBuWs7OEIzk587OW
5diJbPrO5p/yo3VfAPN3oz9Ic97O3ALz96jOGnXXl3+rL8u8lbl4sGgZakWWvm6lne0EDBCB3IvuWbkp/lgpm1Cm/0HiWBjgLZhwG4s5TRBJ8v6kAN22VMF50mu/GkzfBjChIDAfpUFdnOrM+LS+ZtJzPtgxTqlRzJ4mGfolFClRVESnumAos/xwwkIVcPmbzESZshRy2V5+lUA3/kMvZy+bMVoZXqYUCP2DTuefKYYxN9SXdS4YUzJhrGxDfqD0EeHqagUHljf+Ln7Qna1XLgPus40=
euwVeTo0NfpPOyO4OM5ZjBZFcVEjg6saWm2V8P46cZKQJY6uUnEn29pp2Jbl1WXUJBb7f7PgFgjCW/4A+QuC7vj370Wx34Fb0iFJEExhAoiILJU+C48LD2rFYqq27QckmGof88zATsqEBJp7LtpPznlcZmnfmLTWz0FdcSIYc9ZB7V0PnVNexUxnmSc4Zo9wJaGQTjIYUYZB+VDKGTiAFHGsMsuQAJxSN2UTdRFw7RjuxqSDM9RjKdEkbfkU3aEIcGE+f7yWZyh4Nm1CCgCxgR6lEpAOClnbb8wf4LOH
QUWbHdIMvSEtHT2VEVJv9skmNceLUnogHqJ7PeRawWCYkCe0YKAKjQK8/tkIE5JmoyvLFlgMHCyeyffe5dR3YGORbQhvkHIlaLq3evzufdFyBzSe7OGkNkpf6nEPgMV5C+Jwv1Z/FAZ5Mawlayu+Kn2YD/xD80MkXN6OvE4v2T+XF5l9/gvFteSlK8cUyQesk865f2t/ryS80m4guyV2BNa8KJ+tzUp2/vQu+fTjG7oFkycW3NwnbIY/xf19AEyMsMFQsru50wBp9Sln8S5efVm9tN4sQJ1L62TsVVFgXjTxnMIOA4qRWkp30d6cuwkQMfnQ8mGDL9b0XKQYCy5r9YtOfJaDamTfoHJ7HLeGMT+a46xNYFw9m3g1BqEVDx6lL4kZ6Rgj032Nx3PqdUsiUk5RezAEfR5ErZwtSeoYlYC9cZc1QZZxXpkKqsYYIAqUgomNy/UMX9Nnsh4QA8jU+/Jt8fG/OZlk8Eha50YZRld8WiYjd0isshGqVkqn7eQTDnbdXJHc7emRlM5zEA66EZ5PLd4Il3Hr6VtCmXRfdz4cKvToU3eyn9oOezOtQI+faM1VsVTEeqIQ0ZKym70sSAoQ3CkHgagwzXNbFrn5EQlrysWR4EMmO+wqwAVdfd6uhXLn/5rd5xbEtx/ok94xxY3Ywojp3fv0QHjix7TvmAONpZ8g9sRfCWv1vGTpgR1AcD9cXW5GcpARl3WavQ1u7BWioZlFYJR8O+YxzwFewZzHPsJJ4B4Qb7psXCYRl/O4JjZwqmNoczk0pFX8oUgllJR+F+VNnRUwnse9dq1T8AOOAiVppZVU2+jVZkzOYKb3qIjLRRMhiOaZip2z3X3oLhXZZXqHxXVUzLhVbvm7hF1aAX0HW0pPMjTrsWESjdXzRvSgeztkmHjYNOO14xQ3Qw36bTsiWkwkh/ZP+0ATHSH/s5o=
GKn1mIdKgOmKLGgapJp/KV+c+S1EHC+PXKgSzCTICJUyLSwgv/R1GevScGdDa4UfJhqgG8FUXjKuB+Z6B3gxhT2mHwcjkZ+msLltHecyzWXRdvJYM5W9UkgAn1eOcQPFHthRhsifAcOiOQN3klA/fLm2W33hCM1w3kuPVqAEIcRd+Em8gD6DDWHtqcgqp6muMQMcK/qC0UHJRciD/DXSNHKQip88SN9t/5H03m0qCWvBLUTGIdlRkiuVaYxYGKFWhQtodU7B6W93uvNKgAulOY5duduydNRT1zQEoMxUV01fZBurmbp5E07qsBzzVtujXMOxScuzrg==
hIBzvGqNtrXfwKz4b6LT8uOr9B0n0bitRhw1iuUaxRvUSdSd9ZG/27pODGHDbSS/MH8e3veVPAkDhAf+VYCdSGERkWO+jqwzVAvFuVlaEjKigZ2sQjcYDhQsA8tr4n8MI3hlUTg196r2kFxICNP573F7eTKQI5NtK5wJh1XqvpJ/e3mKWcNUaw0qaL+6tcxwG9owODnYqta9Q6YbNrrejIXJh6LrmrPx
ODciPTUnQBYJGZLje1GBJmuzrd06ppmw/enAlcz9HIBS3PW8J+evJ1hCBN4xd1UEVdMik9OQmsVt7cl5V8zEAbkzDOeRcz+JQC5eN098DwqE8NCRsqOM2V/a9K5PZsH+BPuFhDFkcn45r2svaCP2Gtj/FETNaY0sOR+jGkMn7OIiOKmGwSdOK/O9sbPU
ODciPTUnQBYJGZLje1GBJmuzrd06ppmw/enAlcz9HIBS3PW8J+evJ1hCBN4xd1UEVdMik9OQmsVt7cl5V8zEAbkzDOeRcz+JQC5eN098DwqE8NCRsqOM2V/a9K5PZsH+BPuFhDFkcn45r2svaCP2Gtj/FETNaY0sOR+jGkMn7OIiOKmGwSdOK/O9sbPU
XWPkDDtH4LL0u9esPQOYvjT2+FW7pmre2fVRTaACL1wk9Ctly7Qv0xV6das6uqT0TzaHC6jz5dEHs2I=
ZGC837qOrKkis0BocUpjcIYgOMJxdxrhIlhu8h+NTGC7inBoGUiqRp0T5kuWql6cJZnH8ssKs2E=
eV4ugkS5Y+gCHrriFazFSlqx+kifPJNZyHKlMnTwpCs591BZNwyE/dZyuDP8LnegWH4dVogYQUk+LQIozvLJ0w+EL3izHw==
0/wJ8nErvV9MXleqCnIvO0k//dh9S5m9HI9UWBoMYcpdbX/3rXkj6bf0KGtzBOAogHTbBTv037MJeGWLCvoUVP+2F6v4M7Uxd7MS
DXnQtBsgJYxXd2OWh2rKLTT2+FW7pmre2fVRTaACL1wk9Ctly7Qv0xl4das6uqT0TzaHC6jz5dEHs2I=
+w1JbhtT2mWhVuRivk12c4YgOMJxdxrhIlhu8h+NTGC7inBoGUSoRp0T5kuWql6cJZnH8ssKs2E=
DXnQtBsgJYxXd2OWh2rKLTT2+FW7pmre2fVRTaACL1wk9Ctly7Qv0xl4das6uqT0TzaHC6jz5dEHs2I=
+w1JbhtT2mWhVuRivk12c4YgOMJxdxrhIlhu8h+NTGC7inBoGUSoRp0T5kuWql6cJZnH8ssKs2E=
tKYEZrjbYfyihRKS4Q0vP3M1mRjFp93noeDaZE02kZyGhEg/f/eJC6qevwaHPwDAybzEWmB9AfUsh/dWcHt+oPQd7CSTlgCcgehoYpVvNt8uZj6YTUV3RhNmswU=
X/I1EilgmcNrakuYeqrIeQNa5PIeq3ADdE8tZlrmybgZBhoS2M3LiTHhBvgfpOOR6Hq1CjQINKPZv2BBNxS0tTb6KMu8FmeoeLZtzgiAsQEeJRIQDopZW29MH2CzBw==
RYUG0J+WM8Si9Iik7CfhNyppy9cvmVEZQ08tZlrmybgZBhoS2M3LiTHhBvgfpOOR6Hq1CjQINKPZv2BBNxS0tTb6KMu8FmeoeLZtzgiAsQEeJRIQDopZW29MH2CzBw==
qQtMBJaD9AAOMnCN7D7YhBd+YCxRRiViWuLBrAkSMvb4qeNdYbXOPF9gK8W4rh1ulOycN0kr6MW3kDwhpm6ALxxyz3wo4qUKSER5VU7xOnQubnFPf1gXZLMD
RvPOMqMzKFwrQT+W66NOOfaEJ1eNrSoBhh6IHc/VDwesVF1eWt65kPkuSkoYFZvhkQm2gJ9cU/lIkmVSdNDki7mXkHk3LESdVtL4E/xOt0DY3t02iPgB6b5NQsjO0glzj2RvWLM/
asacgx04chuKnZwh0EbNijfV4vL36NM2V8nVOpp5U2epHx8aHX/Ntemwg0BOVRSlRuRRb28l1JRFTytcOzqu3ahyWBdPYmB6teI6BHXZVcwx70eY6xfkwnpI0cbZN3aLe21Zszw=
eVT1vTcQgMqJ6QntCj6jSM74Ak0Pv2iwEo9IPLacKMzf0tFbdAoxqeO+h5oHUyKTn2U/y9anwDLgWEkoAQj9yFv+1CcVXtiDkhEsnOMu4CTxUOja5dfWZ17e/qA9fZd+Y16zPQ==
fkR3jwARhdjqw5hQJctGR+3Gqw31jDM+uon+BXMQWs7wtWUvJQdpky/bDlCkP+wtk6yVAxsnDAn68zVKXpu4hRL0S6VrNI+T+XhVa1o6xDRvNmdLSHNFEWezAg==
DszedUHJeIAvC3+oD+MOfi/O4PUwNKDVFRghuAix0xWynNv7vPYnCPjWre4IoPHhnoXScA6qGbvv7N8As2c=
DszedUHJeIAvC3+oD+MOfi/O4PUwNKDVFRghuAix0xWynNv7vPYnCPjWre4IoPHhnoXScA6qGbvv7N8As2c=
CI6oC2v8b2V6cdbOoRjUnbwlOicGazQUM98DRsG9zF4xdvp6QJD+2h3oPRFH2/cfTX02zFYIOx2EUFew5LLWA7ZjeeZy
