jleLXQFVxGzPRoWOaHPkXDgyjhnYtczmr+jXfkMy0LTHygkEXNfuRebHqxSQIQqey7bXTi9UCOwhrvlZYWV+tfkr7CSTlgCcgelqYpxvNtkuZj6YTUV3RhNmswU=
wAJz7C5N7hYJ9rczHTNn947/dUhww97hMx4Z0rj1XGu28A9iZW3Mc8xl3ZnhTDMB/VXpNHZXrXz+FJ6ExTnljAEPVpr7PpSCjOihRkmXJkurDWmzDA==
hcRV8BCcw6f/0HkdTkDC3SrcHjbWzylklQQfInp6h2IxZwzrtyS5v1NSJybecJb1W1y4l8QfLl4Zi5vcwrj2x/jKp/OGMa8SUprDTR/3l8jWi8na1c4vpJT56dxg1dY7HJIPHKhCZetKJDD1zhd6FC5Ose//OFdEsyM=
YEsiEa0Y0FtMMrzurjfSt1bcmbtDUR2xvHDpBlVCfxnee85h54gWaBHpr2EzdKzj/5RcsGQUf71nBJN7zDqhysbKTqybljOzBCO5OXOzFg==
jiptON74zHPkLc5t4NBC6quVjVqhhHZ3o4u/DGQCX93+tGklMB15jyGCS3HCS8J50+nCUF05Ewmn9DgLQ8SQiDD0S6VrNI+T+HpVYlo6wjRvNmdLSHNFEWezAg==
zZYQiBr53IBpxytE27efQKuVjVqhhHZ3o4u/DGQCX93+pWErNhJ43SGCS3HCS8J50+rCUF05Ewmn9DgLQ8SQiDD0S6VrNI+T+HpVYlo6wjRvNmdLSHNFEWezAg==
vzAShNiTAgTlODDqPcTxQ1tE/hlvQivDhjy35yklr6Nmx2cE7TCogphvWVBbxOD/kvWpgE0Jbnd/5WNGEs7raQ/zn9zz34KehWqHMBRtQXgwkZ5vPIYHGLhmTb8KcJhRXpPygI4a+auvHH9Qszc=
CDPvysstmx/teWd9oD7pCwNueDdcKzFoSejc70sTPef8tqYTb+GLclJ6A+2fl1co1KuKelUu74SU2Sk84HWWGxxyz3wo4qULSkRwVU73OnQubnFPf1gXZLMD
66qP082zlJup8AX25kbYzxbRBRlnufMxZc2srZ+pToeYloHpWmZtffr0ou6JeLRNuQLT4VrrKqmbrQpgNRnrOd/0wDs75Hi4eDSD9QOUFwNg+s3ywtpqZCf2rztgk31hX7M6
nuAo321UZgLAR6SDkv38Fii7kRXs8ykJK5qqmCY5bGG2mN47tnlDIqnVmKN4DQE+kOSncUnNZbT6zxmMarxiJJnRUdzVtxpaN0ZAUvjAfSZ1fzJ7XxVlswA=
CXl63lbAKPeHEZoint7IdXghhAPBus21teHWflcn2o7HlEZrOrmHX+/QshyvFyf5g/qHHXYwHfArxtQfZWY4u+Ip7CSTlgCcgelqYpxvNtkuZj6YTUV3RhNmswU=
AmgpjxLq1+Xp3Ffr+K/apwP23llODtCpt3BbHsgLevrS8pNV/0/nYBNk+qJ1Vv+MlNE5RMCt5tPcOn+kSFo1g8rM4O2ur4q8biaBF1+gB2yzCw==
+Ji4x4mGFdEyZ8jyf3wgB5eiRRFasmKqS4xOIveJNM+exNBLeUB/+qb/joELAWfnn2gypN+vx0HzQkUiBgj9yFv+1CcVXtiDkhEsnOMu4CTxUera7NfWYV7e/qA9fZd+Y16zPQ==
hkcwuKPTHuXGGmmrt6N7gRgmVk4oF0AgF2biZTAllg0PxeoRTdlqZkUK5STSj8aDnM4QoLNTP1li3nLtdeP7Bw95vYb3i6yr5vK5zPCR7GEEAqcpncI3aYbbJrHfzYjZ+QkX8Xt0ZHNH9DQA/NRH7Q+kS4sEuun6Hirm/OPWq0MsA8Gpu7Pe
fb7jX8wam2Urh/XGYcwd33Ff/XuPewNXWWjRJ0CqPYuu+BzalNbWsg5nGQoUkcyhpILHaf3CF6kmW8ZxP8+omZmJd7FbdESzp3TUwNzUJ61vJOvLJLoJOv6qRrzD1ssDjINhaVuzPg==
ghzF+cNSCjUcCd+L7sxUex4mfgrFjynDwzvPr404pQ+cSgHjusjowpjW2qr6Vw1iKHEQidDSE5ExglsR8otyGWNvVDEN+cMp1/TIKxOEQGigdPtF23S/c+h6RUKqerKUn7b365izFXFXszI=
IjpWpus1WnqtmRoHE0TRFqar9ZeymPuaETLrmNHY9F7V1QJeJXcMq4DZlh1kPwtGKPGJ39+thsBj4LIsT8dnqSMKB2vX4N2gS/bULwU2+GtCWWzUM8ZATGHZalJ8v3aJjpa+6O2VtxZzVrM1
OpjHgmh9EiViR93QPtfqU7gBxZ4iaXNXz29lW2kDa6ATYwr6l28MUG5OHlZcJnzPu+6+wYblZkr1PZfi/b0UU8R1Nd+C/buhhWURNA5nVdx2pHZErSntrFlfzhpjbkxihPiJhuHnrqsTfVGzNA==
7/Zvj0ieM9xiVX7gECRSRQNueDdcKzFgS/7Ou0YaI7X8sO9HIbT5clJ6A+2fl1co2KqLelUu74SU2Sk84HWWGxxyz3wo4qULSkRwVU73OnQubnFPf1gXZLMD
eNX2ku2Y9ukn/wLlQ6svBHqhmxu+mWwUN5r5kho5KCTi25tv8x1DIqnVmKN4DQE4leqncUnNZbT6zxmMarxiJJnRUdzVtxpaN0ZAUvjAfSZ1fzJ7XxVlswA=
Rz78K8rV2Ta6SW0OfDhoyUdhgoRyOTaLWhH34t39tNNkNRXZobJbIeUl8TRup7VcFmRWRI3pTSz5n+4ag64s4mS46YYBpw4rsz1xsxQ=
dYs34o+WA/6clqKeidN9aSdN3agVYUcvz8CyDI9n50njagKImIBdAAvW1A9FlngLArlstPMmwOyh+WpyvB/2aU72vgit9Te2M3azFQ==
7MSrXQPqFZEJF7tUAFoOW0VhgpVwLzKLWhH34t39tNNkNRXbobJbIeUl8TRup7VcFmRWRI3pTSz5n+4ag64s4mS46YYBpw4rsz1xsxQ=
i9TofKhQp+ofOje7cePz4idN274JfEcvz8CyDI9n50njagSImIBdAAvW1A9FlngLArlstPMmwOyh+WpyvB/2aU72vgit9Te2M3azFQ==
WbK6jw3ukJXrq6DG9Sbq6ydN2qgbeUcvz8CyDI9n50njagWImIBdAAvW1A9FlngLArlstPMmwOyh+WpyvB/2aU72vgit9Te2M3azFQ==
FL50akR/sc7osScCF5eNJyR0isQ+hVcmQXZ3YFf8gKlWAFsCytzcgHDnE7YSvsu5z0P/THJILe7FumcAFF2hqHDhPv+8FmeoeLZtzQqAuAEeIxIQDopZW29MH2CzBw==
ortzm+5KoY6BhBM5jVdG99B6FS4cljTNIjUzUbr8QyavqwLrm1gKbRnOq4yO5RNidyRSEe5F2AJSiiOd30f3uFg8ZSoVHg+0lOnJDKAldouc4m+saJKF+Uo0UKWOp5rkrv4Rn79od1SzMw==
DwcNs6NqhS4JXU5I9zuyVmh0k9Ui5K+E/boqLCINSE0W+2ZujZyL2s0j9bw7J76z+AJzT1idlMb0iOSf2fy+sa3sZMSWT2D0yWKF7q6jAR1WHZdWMzN1U5Z3VVV8/lewGI69JYro6Dn+OyJ4TiKpw880T0izLw==
DwcNs6NqhS4JXU5I9zuyVmh0k9Ui5K+E/boqLCINSE0W+2ZujZyL2s0j9bw7J76z+AJzT1idlMb0iOSf2fy+sa3sZMSWT2D0yWKF7q6jAR1WHZdWMzN1U5Z3VVV8/lewGI69JYro6Dn+OyJ4TiKpw880T0izLw==
tJVjiJ4MP20PiiDjxElZwmuzrd06ppmw/enAlcz9HIBS3PW8J+evJ1hCBN4xd1UEVdMik9OQmsVt7cl5V8zEAbkzDOeRcz+JQC5eN098DwqE8NCRsqOM2V/a9K5PZsH+BPuFhDFkcn45r2svaCP2Gtj/FETNaY0sOR+jGkMu7OIkOKmGwSdOK/O9sbPU
KcYeQA2Tl26LaqLxk9bsJkcz+aMeV6UY1a7NueLjzQs7Dyau5q+ofjYkGXqnGX8PHuuQ5jgHKYXppI18o0JUo53SSBcKjYz4S8JQUEmgKp6kGwY1BgIehFVRZ0obYrM5
Vqd9LhCrfIKCrQ/42A+OC4xOxz0EiXoD8KQgDXaB+JLfSEQAG5S7heMxiu+ClGwUZ8a5UTAbC+HVReE0fkeFHMbExsQ9ib1sqX/TGnOOfCLUGBkGkUdea0MdYbME
Vd9H7tYy5QNRhDM/nSZnld/4242Yog+Y1FQMv6lj2N23iAxpRuYQl1yK33QIqlWfytwAnW7/Kgzu1uHHH5AnfLMb
Jzqd68YKDG+nYZGlVEWlt3lb8XOKT1BNV1WeN1rjXon9wiD0pcPFog0iXxUC0oahrJbMSpCbR48SdtwIOZ/0x8WJbqAWaQK3pDLa297UJ61vJOvLKLoJOv6qRrzD1ssDjINhaVuzPg==
rK7zEqPJg4PerEJPMy+FhLHP34SXyalMari1zolv755jAv+qJNzV76bqW7HgrckhZ+lhceyF7vsOtkgbu+oOTQbZ+usQfiV7J1oIZwAzUVtc/FWr0yQdhNInNn5BbGFiNyvHBR8PEwyQKS7H/G734Fi+nRuK2MgJPuuC6M6ySRMPxK+4s98=
Kddx+LpcIkzYwQmHqH9Vjh5hpJUnE6jvXt87ajVlP4YeKiey9ikh7+/oJFluRv0NpHTbBTv037MEemWCCvoSVP+2F6v4M7Uxd7MS
KHpHbFZW1rpT1CIM4NCv1TfV4vL36NM2V8nVOpp5U2epHx8aHX/Ntemwg0BOVRSlRuRRb28l1JRBTSVcOzqu3ahyWBdPYmB6teI6BHXZVcwx70qa6x7kwnxI0cbZN3aLe21Zszw=
RSn/HtLBKgvjp3WsmZFWgvaEJ1eNrSoBhh6IHc/VDwesVF1eWt65kPkuSkoYFZvhkQm2gJ9cU/lIlmdcdNDki7mXkHk3LESdVtL4E/xOt0DY3t07ivgI6b5LQsjO0glzj2RvWLM/
id2AjfAhOUIV6RnlFZ4/LRd+YCxRRiViWuLBrAkSMvb4qeNdYbXOPF9gK8W4qh9glOycN0kr6MW3kDwhpm6ALxxyz3wo4qUHSkRwVU73OnQubnFPf1gXZLMD
wWSIN6r6/7+LndO0UXNuUyppy9cvmVEZQ08tZlrmybgZBhoS2M3LiTHhBvgfpOOR6H63BDQINKPZv2BBNxS0tTb6KMu8FmeoeLZtwwqAuAEeIxIQDopZW29MH2CzBw==
HIO9R+zcta2eV4wCfjfPwgNa5PIeq3ADdE8tZlrmybgZBhoS2M3LiTHhBvgfpOOR6H63BDQINKPZv2BBNxS0tTb6KMu8FmeoeLZtwwqAuAEeIxIQDopZW29MH2CzBw==
9/1q+1ivYHdo2J+UvvTFunM1mRjFp93noeDaZE02kZyGhEg/f/eJC6qevwaHPwDEy7LEWmB9AfUsh/dWcHt+oPQd7CSTlgCcgeVqYpxvNtkuZj6YTUV3RhNmswU=
6dl0X9bgsnonf5xbwYHuZ2h0k9Ui5K+E/boqLCINSE0W+2ZujZyL2s0j9bw7J76z+AJzT1idlMb0iOSf2fy+sa3sZMSWT2D0yWKF7q6jAR1WHZdWMzN1U5Z3VVV8/lewGI69K4ro6Dn+OyJ4TiKpw880T0izLw==
BqVuE9pLVDMbIearMKH53B5hpJQnE6jvXt87ajVlP4YeKiey9ikh7+/oJFluRv0NpHTbBTv037MEemWCCvoSVP+2F6v4M7Uxd7MS
ttVc2SB7BVgf91K/qogBN1qx+kifPJNZyHKlMnTwpCs591BZNwyE/dZyuDP8LnegWH4dWokYSEk+KwIozvLJ0w+EL3izHw==
qao1SyUZmrwGf6M6RGyED0k//dh9S5m9HI9UWBoMYcpdbX/3rXkj6bf0KGtzBOAogHTbBTv037MFeWWCCvoSVP+2F6v4M7Uxd7MS
aDvX8gFzESkMc0bzCJbg4TT2+FW7pmre2fVRTaACL1wk9Ctly7Qv0xV5daI6uqL0TzaHC6jz5dEHs2I=
KbrQ0frRvZI60hQmwuLpwIYgOMJxdxrhIlhu8h+NTGC7inBoGUipRpQT5k2Wql6cJZnH8ssKs2E=
aDvX8gFzESkMc0bzCJbg4TT2+FW7pmre2fVRTaACL1wk9Ctly7Qv0xV5daI6uqL0TzaHC6jz5dEHs2I=
KbrQ0frRvZI60hQmwuLpwIYgOMJxdxrhIlhu8h+NTGC7inBoGUipRpQT5k2Wql6cJZnH8ssKs2E=
rAtng/z75UNe2FY/zIr1xnM1mRjFp93noeDaZE02kZyGhEg/f/eJC6qevwaHPwDAybzEWmB9AfUsh/dWcHt+oPQd7CSTlgCcgeRpYpxvNtkuZj6YTUV3RhNmswU=
vxMoM1CThmFBKRsggqPL4gNa5PIeq3ADdE8tZlrmybgZBhoS2M3LiTHhBvgfpOOR6Hq1CjQINKPZv2BBNxS0tTb6KMu8FmeoeLZtwgmAuAEeIxIQDopZW29MH2CzBw==
eKeHHx6lioCiWANLe3RYjyppy9cvmVEZQ08tZlrmybgZBhoS2M3LiTHhBvgfpOOR6Hq1CjQINKPZv2BBNxS0tTb6KMu8FmeoeLZtwgmAuAEeIxIQDopZW29MH2CzBw==
PoYA0fz2hS5/Psh2v2KUbxd+YCxRRiViWuLBrAkSMvb4qeNdYbXOPF9gK8W4rh1ulOycN0kr6MW3kDwhpm6ALxxyz3wo4qUGSURwVU73OnQubnFPf1gXZLMD
OCID39ADbCcQDEy77dzK9PaEJ1eNrSoBhh6IHc/VDwesVF1eWt65kPkuSkoYFZvhkQm2gJ9cU/lIkmVSdNDki7mXkHk3LESdVtL4E/xOt0DY3t06ifgI6b5LQsjO0glzj2RvWLM/
h0lBmKXHiMqZV2xKGS4K6jfV4vL36NM2V8nVOpp5U2epHx8aHX/Ntemwg0BOVRSlRuRRb28l1JRFTytcOzqu3ahyWBdPYmB6teI6BHXZVcwx70uZ6x7kwnxI0cbZN3aLe21Zszw=
H9QIMu/4leOQduZqHcAkCc74Ak0Pv2iwEo9IPLacKMzf0tFbdAoxqeO+h5oHUyKTn2U/y9anwDLgWEkoAQj9yFv+1CcVXtiDkhEsnOMu4CTxXOna7NfWYV7e/qA9fZd+Y16zPQ==
0r2CQKHpeKpQp30tnXtade3Gqw31jDM+uon+BXMQWs7wtWUvJQdpky/bDlCkP+wtk6yVAxsnDAn68zVKXpu4hRL0S6VrNI+T9XlVYlo6wjRvNmdLSHNFEWezAg==
sWRlNGhMjvFmUapxftcD2y/O4PUwNKDVFRghuAix0xWynNv7vPYnCPjWreIJoPjhnoPScA6qGbvv7N8As2c=
sWRlNGhMjvFmUapxftcD2y/O4PUwNKDVFRghuAix0xWynNv7vPYnCPjWreIJoPjhnoPScA6qGbvv7N8As2c=
CI6oC2v8b2V6cdbOoRjUnbwlOicGazQUM98DRsG9zF4xdvp6QJD+2h3oPRFH2/cfTX02zFYIOx2EUFew5LLWA7ZjeeZy
