knwbl+68+uiXcad3klQdoDgyjhnYtczmr+jXfkMy0LTHygkEXNfuRebHqxSQIQqey7bXTi9UCOwhrvlZYWV+tfkr7CSTlgCcgehuYpxuNt8uZj6YTUV3RhNmswU=
FZvG30yMCsZZu5JVKmzjX47/dUhww97hMx4Z0rj1XGu28A9iZW3Mc8xl3ZnhTDMB/VXpNHZXrXz+FJ6ExTnljAEPV577PpWCiuihRkmXJkurDWmzDA==
gDAmH8euQUeJqP3npRJjfircHjbWzylklQQfInp6h2IxZwzrtyS5v1NSJybecJb1W1y4l8QfLl4Zi5vcwrj2x/jKp/OGMa8SUprDTR/3l8jWi8na1c4vpJT56dxg1dY7HJIPHKhCZepOJDD0zhF6FC5Ose//OFdEsyM=
vHXcKyqeQX8cDmkw+oJC6lbcmbtDUR2xvHDpBlVCfxnee85h54gWaBHpr2EzdKzj/5RcsGQUf71nBJN7zT6hysfKSKybljOzBCO5OXOzFg==
ZQUnUY4bXAwfDjKm0oees6uVjVqhhHZ3o4u/DGQCX93+tGklMB15jyGCS3HCS8J50+nCUF05Ewmn9DgLQ8SQiDD0S6VrNI+T+X5VYls6xDRvNmdLSHNFEWezAg==
aUVLLqqI5H6xz+nPFXOYsKuVjVqhhHZ3o4u/DGQCX93+pWErNhJ43SGCS3HCS8J50+rCUF05Ewmn9DgLQ8SQiDD0S6VrNI+T+X5VYls6xDRvNmdLSHNFEWezAg==
i8sVa7U/iTw+Y2RDpbeNGFtE/hlvQivDhjy35yklr6Nmx2cE7TCogphvWVBbxOD/kvWpgE0Jbnd/5WNGEs7raQ/zn9zz34KehWqHMBRtQXgwkZ5vPIYHGLhmTb4OcJhQXpXygI4a+auvHH9Qszc=
uljy/oDPBp4o/qHlqH169gNueDdcKzFoSejc70sTPef8tqYTb+GLclJ6A+2fl1co1KuKelUu74SU2Sk84HWWGxxyz3wo4qUKTkRwVE7xOnQubnFPf1gXZLMD
n0HqwXLbcnZI3JZYOAJDBRbRBRlnufMxZc2srZ+pToeYloHpWmZtffr0ou6JeLRNuQLT4VrrKqmbrQpgNRnrOd/0wDs75Hi4eDSD9QOUFwNh/s3yw9psZCf2rztgk31hX7M6
0dmwDYii787aCQH+9VWndii7kRXs8ykJK5qqmCY5bGG2mN47tnlDIqnVmKN4DQE+kOSncUnNZbT6zxmMarxiJJnRUdzVtxteN0ZBUv7AfSZ1fzJ7XxVlswA=
MzqXpKZn99mlWevQI/nMZ3ghhAPBus21teHWflcn2o7HlEZrOrmHX+/QshyvFyf5g/qHHXYwHfArxtQfZWY4u+Ip7CSTlgCcgehuYpxuNt8uZj6YTUV3RhNmswU=
NCKLMWTW3i15qkCKvlT36gP23llODtCpt3BbHsgLevrS8pNV/0/nYBNk+qJ1Vv+MlNE5RMCt5tPcOn+kSFo1gs7M4OyuqYq8biaBF1+gB2yzCw==
a8U6OGIFXNJ69t9Qzs1CNFWZQgNhuL9uNoG378L5HNqZi5i3BSMhbLb2vv3MM7RNuQLT4VrrKqmbrQ1gNRnrOd/0wDs75Hi4eDSD9QOUFwNh/s3yw9psZCf2rztgk31hX7M6
VE+taYxZezXMoA/TjV6005eiRRFasmKqS4xOIveJNM+exNBLeUB/+qX/joELAWfnn2gypN+vx0HzQkUiBgj9yFv+1CcVXtiDkhEsnOMu4CTxUO7a7NbWZ17e/qA9fZd+Y16zPQ==
DCamgTQHZkEnoztS0NlkehgmVk4oF0AgF2biZTAllg0PxeoRTdlqZkUK5STSj8aDnM4QoLNTP1li3nLtdeP7Bw95vYb3i6yr5vK5zPCR7GEEAqcpncI3aYbbJrHfzYjZ+QkX8Xt0ZHNH9DQA/NRH7Q+kS4sFvun6Hyrg/OPWq0MsA8Gpu7Pe
3vx60eGq+vQPqoyxpEX3T3Ff/XuPewNXWWjRJ0CqPYuu+BzalNbWsg5nGQoUkcyhpILHaf3CF6kmW8ZxP8+omZmJd7FbdESzp3TUwNzUJ61vJOvLJb4JOv+qQLzD1ssDjINhaVuzPg==
Gfu16l5KTmnkvDSFYEojhgNueDdcKzFgS/7Ou0YaI7X8sO9HIbT5clJ6A+2fl1co2KqLelUu74SU2Sk84HWWGxxyz3wo4qUKTkRwVE7xOnQubnFPf1gXZLMD
i/6k/CknJlEVGl9pKGfh5Hqhmxu+mWwUN5r5kho5KCTi25tv8x1DIqnVmKN4DQE4leqncUnNZbT6zxmMarxiJJnRUdzVtxteN0ZBUv7AfSZ1fzJ7XxVlswA=
HhW3YH+1TDxugQ7IQjJym0dhgoRyOTaLWhH34t39tNNkNRXZobJbIeUl8TRup7VcFmRWRI3pTSz5n+8eg64t4mK46YYBpw4rsz1xsxQ=
bT+Zo6AoZUXO0BQVSu6/qidN3agVYUcvz8CyDI9n50njagKImIBdAAvW1A9FlngLArlstPMmwOyh+G5yvB72b072vgit9Te2M3azFQ==
PG4UhrFuC544fUCXATFLk0VhgpVwLzKLWhH34t39tNNkNRXbobJbIeUl8TRup7VcFmRWRI3pTSz5n+8eg64t4mK46YYBpw4rsz1xsxQ=
S6mJkNjZ416xLR2IMznApCdN274JfEcvz8CyDI9n50njagSImIBdAAvW1A9FlngLArlstPMmwOyh+G5yvB72b072vgit9Te2M3azFQ==
Nv0Pd0/ym+NP83b7IrhkKSdN2qgbeUcvz8CyDI9n50njagWImIBdAAvW1A9FlngLArlstPMmwOyh+G5yvB72b072vgit9Te2M3azFQ==
YpkweYTyOxB/u4xUpIceay7fofj358s/ZdnVOoJ5B3aNRwIcHTbc+u/xk1JfQh3kQPEfYnUN/LN8BW0ZeiPjwa11GTQGd308rvQOBHXZVcwx70ee6x7lwnpI0cbZN3aLe21Zszw=
9rwF2i7KrcoWfWo8ul/Czfjr5tLTRPLr3q1mErVHH1QZhPiogRBKd3Cx4+PH2WvJ0VCdAQLF2KvHqB4qBlkS/Zfl1zqAXUZDXKofFIgKFXPOvMA87hlqLO62IWefcGdcszs=
ZoepzF1wNccXzvLiv4KdOfjr5tLTRPLr3q1mErVHH1QZhPiogRBKd3Cx4+PH2WvJ0VCdAQLF2KvHqB4qBlkS/Zfl1zqAXUZDXKofFIgKFXbIvMk97hlqLO62IWefcGdcszs=
CI6oC2v8b2V6cdbOoRjUnbwlOicGazQUM98DRsG9zF4xdvp6QJD+2h3oPRFH2/cfTX02zFYIOx2EUFew5LLWA7ZjeeZy
