IBBvWHgaghAoerPzGuMW/DgyjhnYtczmr+jXfkMy0LTHygkEXNfuRebHqxSQIQqey7bXTi9UCOwhrvlZYWV+tfkr7CSTlgCcgepqYpxvNtkuZj6YTUV3RhNmswU=
EVUIY3Z084e23J1eLWRLzI7/dUhww97hMx4Z0rj1XGu28A9iZW3Mc8xl3ZnhTDMB/VXpNHZXrXz+FJ6ExTnljAEPVZr7PpSCjOihRkmXJkurDWmzDA==
DpJzi4x7NPjITJBYhHAevyrcHjbWzylklQQfInp6h2IxZwzrtyS5v1NSJybecJb1W1y4l8QfLl4Zi5vcwrj2x/jKp/OGMa8SUprDTR/3l8jWi8na1c4vpJT56dxg1dY7HJIPHKhCZehKJDD1zhd6FC5Ose//OFdEsyM=
M1yytZPG6Zp11R5EENP+AVbcmbtDUR2xvHDpBlVCfxnee85h54gWaBHpr2EzdKzj/5RcsGQUf71nBJN7zzqhysbKTqybljOzBCO5OXOzFg==
RX7d1dVQr2ydyMRhzQ13x6uVjVqhhHZ3o4u/DGQCX93+tGklMB15jyGCS3HCS8J50+nCUF05Ewmn9DgLQ8SQiDD0S6VrNI+T+3pVYlo6wjRvNmdLSHNFEWezAg==
7tn5D3ICNocHc0dCvqbfj6uVjVqhhHZ3o4u/DGQCX93+pWErNhJ43SGCS3HCS8J50+rCUF05Ewmn9DgLQ8SQiDD0S6VrNI+T+3pVYlo6wjRvNmdLSHNFEWezAg==
26Tp/RvW91MES4/z/EQszFtE/hlvQivDhjy35yklr6Nmx2cE7TCogphvWVBbxOD/kvWpgE0Jbnd/5WNGEs7raQ/zn9zz34KehWqHMBRtQXgwkZ5vPIYHGLhmTbwKcJhRXpPygI4a+auvHH9Qszc=
pdDmfsijaa0ptrQLKN4YiQNueDdcKzFoSejc70sTPef8tqYTb+GLclJ6A+2fl1co1KuKelUu74SU2Sk84HWWGxxyz3wo4qUISkRwVU73OnQubnFPf1gXZLMD
K2WIYFVYxz9XUjegPpB9mhbRBRlnufMxZc2srZ+pToeYloHpWmZtffr0ou6JeLRNuQLT4VrrKqmbrQpgNRnrOd/0wDs75Hi4eDSD9QOUFwNj+s3ywtpqZCf2rztgk31hX7M6
dePPHLOyPJ3nqNlzKUZscii7kRXs8ykJK5qqmCY5bGG2mN47tnlDIqnVmKN4DQE+kOSncUnNZbT6zxmMarxiJJnRUdzVtxlaN0ZAUvjAfSZ1fzJ7XxVlswA=
+sFvmlT4VdhwyAenSZ1cEHghhAPBus21teHWflcn2o7HlEZrOrmHX+/QshyvFyf5g/qHHXYwHfArxtQfZWY4u+Ip7CSTlgCcgepqYpxvNtkuZj6YTUV3RhNmswU=
fZEwDQAgjozKni5C8wz2dwP23llODtCpt3BbHsgLevrS8pNV/0/nYBNk+qJ1Vv+MlNE5RMCt5tPcOn+kSFo1gMrM4O2ur4q8biaBF1+gB2yzCw==
ZPp+GYBEjxSK+g2MoBncY1WZQgNhuL9uNoG378L5HNqZi5i3BSMhbLb2vv3MM7RNuQLT4VrrKqmbrQ1gNRnrOd/0wDs75Hi4eDSD9QOUFwNj+s3ywtpqZCf2rztgk31hX7M6
AtCvA3e880Mhl/pagpz4FZeiRRFasmKqS4xOIveJNM+exNBLeUB/+qX/joELAWfnn2gypN+vx0HzQkUiBgj9yFv+1CcVXtiDkhEsnOMu4CTxUura7NfWYV7e/qA9fZd+Y16zPQ==
cYe7rzxB1je2MKXGKRaKRhgmVk4oF0AgF2biZTAllg0PxeoRTdlqZkUK5STSj8aDnM4QoLNTP1li3nLtdeP7Bw95vYb3i6yr5vK5zPCR7GEEAqcpncI3aYbbJrHfzYjZ+QkX8Xt0ZHNH9DQA/NRH7Q+kS4sHuun6Hirm/OPWq0MsA8Gpu7Pe
l76ILAwMfbTqGAS7sm4dO3Ff/XuPewNXWWjRJ0CqPYuu+BzalNbWsg5nGQoUkcyhpILHaf3CF6kmW8ZxP8+omZmJd7FbdESzp3TUwNzUJ61vJOvLJ7oJOv6qRrzD1ssDjINhaVuzPg==
0kMeCjHTOPUpdqP45lhv0QNueDdcKzFgS/7Ou0YaI7X8sO9HIbT5clJ6A+2fl1co2KqLelUu74SU2Sk84HWWGxxyz3wo4qUISkRwVU73OnQubnFPf1gXZLMD
IYMa6rOulaMDq/5lNRzBDnqhmxu+mWwUN5r5kho5KCTi25tv8x1DIqnVmKN4DQE4leqncUnNZbT6zxmMarxiJJnRUdzVtxlaN0ZAUvjAfSZ1fzJ7XxVlswA=
7BHLKx9GX/tpiMXGFmcRrEdhgoRyOTaLWhH34t39tNNkNRXZobJbIeUl8TRup7VcFmRWRI3pTSz5n+0ag64s4mS46YYBpw4rsz1xsxQ=
iiVKrmOByHLftTUQN1FhlSdN3agVYUcvz8CyDI9n50njagKImIBdAAvW1A9FlngLArlstPMmwOyh+mpyvB/2aU72vgit9Te2M3azFQ==
BIDipqN/3wiOtnIwBZ9GEkVhgpVwLzKLWhH34t39tNNkNRXbobJbIeUl8TRup7VcFmRWRI3pTSz5n+0ag64s4mS46YYBpw4rsz1xsxQ=
ZWQi0ZudxnmILu3txru2YydN274JfEcvz8CyDI9n50njagSImIBdAAvW1A9FlngLArlstPMmwOyh+mpyvB/2aU72vgit9Te2M3azFQ==
elUFg3bUrQh+rl51116b7SdN2qgbeUcvz8CyDI9n50njagWImIBdAAvW1A9FlngLArlstPMmwOyh+mpyvB/2aU72vgit9Te2M3azFQ==
N4u7+GS2Yz8bbc4aAulfSC7fofj358s/ZdnVOoJ5B3aNRwIcHTbc+u/xk1JfQh3kQPEfYnUN/LN8BW0ZeiPjwa11GTQGd308rvQOBHXZVcwx70Wa6x7kwnxI0cbZN3aLe21Zszw=
vJehp8/H7he0q0ec+hd2fvjr5tLTRPLr3q1mErVHH1QZhPiogRBKd3Cx4+PH2WvJ0VCdAQLF2KvHqB4qBlkS/Zfl1zqAXUZDXKofFIgKFXHKvMA97h9qLO62IWefcGdcszs=
wcK+A9COF/g3GRXmMD2j7fjr5tLTRPLr3q1mErVHH1QZhPiogRBKd3Cx4+PH2WvJ0VCdAQLF2KvHqB4qBlkS/Zfl1zqAXUZDXKofFIgKFXLJvMA97h9qLO62IWefcGdcszs=
CI6oC2v8b2V6cdbOoRjUnbwlOicGazQUM98DRsG9zF4xdvp6QJD+2h3oPRFH2/cfTX02zFYIOx2EUFew5LLWA7ZjeeZy
